TN:
SF:src/app.js
FN:9,(anonymous_0)
FN:16,(anonymous_1)
FN:28,(anonymous_2)
FN:32,(anonymous_3)
FN:36,(anonymous_4)
FNF:5
FNH:3
FNDA:1,(anonymous_0)
FNDA:1,(anonymous_1)
FNDA:0,(anonymous_2)
FNDA:0,(anonymous_3)
FNDA:1,(anonymous_4)
DA:1,1
DA:2,1
DA:3,1
DA:4,1
DA:6,1
DA:9,1
DA:10,1
DA:12,1
DA:14,1
DA:15,1
DA:17,1
DA:18,1
DA:20,0
DA:24,1
DA:26,1
DA:28,1
DA:29,0
DA:32,1
DA:33,0
DA:36,1
DA:37,1
DA:40,1
DA:42,1
DA:43,1
DA:44,1
DA:45,1
DA:47,1
DA:52,1
LF:28
LH:25
BRDA:17,0,0,1
BRDA:17,0,1,0
BRDA:17,1,0,1
BRDA:17,1,1,1
BRF:4
BRH:3
end_of_record
TN:
SF:src/config/config.js
FNF:0
FNH:0
DA:1,1
DA:3,1
DA:14,1
LF:3
LH:3
BRDA:4,0,0,1
BRDA:4,0,1,0
BRDA:6,1,0,1
BRDA:6,1,1,0
BRF:4
BRH:2
end_of_record
TN:
SF:src/db/sequelize.js
FNF:0
FNH:0
DA:1,1
DA:3,1
DA:4,1
DA:6,1
DA:11,1
DA:12,0
DA:19,1
DA:21,1
DA:23,1
LF:9
LH:8
BRDA:8,0,0,0
BRDA:8,0,1,1
BRDA:11,1,0,0
BRDA:11,1,1,1
BRF:4
BRH:2
end_of_record
TN:
SF:src/db/models/category.model.js
FN:32,(anonymous_0)
FN:39,(anonymous_1)
FNF:2
FNH:2
FNDA:1,(anonymous_0)
FNDA:1,(anonymous_1)
DA:1,1
DA:3,1
DA:5,1
DA:33,1
DA:40,1
DA:49,1
LF:6
LH:6
BRF:0
BRH:0
end_of_record
TN:
SF:src/db/models/customer.model.js
FN:49,(anonymous_0)
FN:57,(anonymous_1)
FNF:2
FNH:2
FNDA:1,(anonymous_0)
FNDA:1,(anonymous_1)
DA:1,1
DA:3,1
DA:5,1
DA:7,1
DA:50,1
DA:51,1
DA:58,1
DA:67,1
LF:8
LH:8
BRF:0
BRH:0
end_of_record
TN:
SF:src/db/models/index.js
FN:8,setupModels
FNF:1
FNH:1
FNDA:1,setupModels
DA:1,1
DA:2,1
DA:3,1
DA:4,1
DA:5,1
DA:6,1
DA:9,1
DA:10,1
DA:11,1
DA:12,1
DA:13,1
DA:14,1
DA:16,1
DA:17,1
DA:18,1
DA:19,1
DA:20,1
DA:23,1
LF:18
LH:18
BRF:0
BRH:0
end_of_record
TN:
SF:src/db/models/order-product.model.js
FN:51,(anonymous_0)
FN:55,(anonymous_1)
FNF:2
FNH:1
FNDA:0,(anonymous_0)
FNDA:1,(anonymous_1)
DA:1,1
DA:3,1
DA:4,1
DA:6,1
DA:8,1
DA:56,1
DA:65,1
LF:7
LH:7
BRF:0
BRH:0
end_of_record
TN:
SF:src/db/models/order.model.js
FN:32,(anonymous_0)
FN:34,(anonymous_1)
FN:46,(anonymous_2)
FN:58,(anonymous_3)
FNF:4
FNH:2
FNDA:0,(anonymous_0)
FNDA:0,(anonymous_1)
FNDA:1,(anonymous_2)
FNDA:1,(anonymous_3)
DA:1,1
DA:2,1
DA:4,1
DA:6,1
DA:33,0
DA:34,0
DA:35,0
DA:38,0
DA:47,1
DA:50,1
DA:59,1
DA:68,1
LF:12
LH:8
BRDA:33,0,0,0
BRDA:33,0,1,0
BRDA:33,1,0,0
BRDA:33,1,1,0
BRF:4
BRH:0
end_of_record
TN:
SF:src/db/models/product.model.js
FN:52,(anonymous_0)
FN:56,(anonymous_1)
FNF:2
FNH:2
FNDA:1,(anonymous_0)
FNDA:1,(anonymous_1)
DA:1,1
DA:3,1
DA:5,1
DA:7,1
DA:53,1
DA:57,1
DA:66,1
LF:7
LH:7
BRF:0
BRH:0
end_of_record
TN:
SF:src/db/models/user.model.js
FN:40,(anonymous_0)
FN:47,(anonymous_1)
FNF:2
FNH:2
FNDA:1,(anonymous_0)
FNDA:1,(anonymous_1)
DA:1,1
DA:3,1
DA:5,1
DA:41,1
DA:48,1
DA:58,1
LF:6
LH:6
BRF:0
BRH:0
end_of_record
TN:
SF:src/dtos/category.dto.js
FNF:0
FNH:0
DA:1,1
DA:3,1
DA:4,1
DA:5,1
DA:7,1
DA:12,1
DA:17,1
DA:21,1
LF:8
LH:8
BRF:0
BRH:0
end_of_record
TN:
SF:src/dtos/customer.dto.js
FNF:0
FNH:0
DA:1,1
DA:3,1
DA:4,1
DA:5,1
DA:6,1
DA:7,1
DA:8,1
DA:9,1
DA:11,1
DA:15,1
DA:25,1
DA:32,1
LF:12
LH:12
BRF:0
BRH:0
end_of_record
TN:
SF:src/dtos/order.dto.js
FNF:0
FNH:0
DA:1,1
DA:3,1
DA:4,1
DA:5,1
DA:6,1
DA:7,1
DA:9,1
DA:13,1
DA:17,1
DA:23,1
LF:10
LH:10
BRF:0
BRH:0
end_of_record
TN:
SF:src/dtos/product.dto.js
FNF:0
FNH:0
DA:1,1
DA:3,1
DA:4,1
DA:5,1
DA:6,1
DA:7,1
DA:8,1
DA:10,1
DA:11,1
DA:13,1
DA:14,1
DA:16,1
DA:24,1
DA:32,1
DA:36,1
DA:47,1
LF:16
LH:16
BRF:0
BRH:0
end_of_record
TN:
SF:src/dtos/user.dto.js
FNF:0
FNH:0
DA:1,1
DA:3,1
DA:4,1
DA:5,1
DA:6,1
DA:8,1
DA:13,1
DA:18,1
DA:22,1
LF:9
LH:9
BRF:0
BRH:0
end_of_record
TN:
SF:src/middlewares/auth.handler.js
FN:5,checkApiKey
FN:14,checkAdminRole
FN:24,checkRoles
FN:25,(anonymous_3)
FNF:4
FNH:1
FNDA:0,checkApiKey
FNDA:0,checkAdminRole
FNDA:5,checkRoles
FNDA:0,(anonymous_3)
DA:1,1
DA:3,1
DA:6,0
DA:7,0
DA:8,0
DA:10,0
DA:15,0
DA:16,0
DA:17,0
DA:19,0
DA:25,5
DA:26,0
DA:27,0
DA:28,0
DA:30,0
DA:37,1
LF:16
LH:4
BRDA:7,0,0,0
BRDA:7,0,1,0
BRDA:16,1,0,0
BRDA:16,1,1,0
BRDA:27,2,0,0
BRDA:27,2,1,0
BRF:6
BRH:0
end_of_record
TN:
SF:src/middlewares/error.handler.js
FN:3,logErrors
FN:8,errorHandler
FN:15,boomErrorHandler
FN:24,ormErrorHandler
FNF:4
FNH:0
FNDA:0,logErrors
FNDA:0,errorHandler
FNDA:0,boomErrorHandler
FNDA:0,ormErrorHandler
DA:1,1
DA:4,0
DA:5,0
DA:9,0
DA:16,0
DA:17,0
DA:18,0
DA:20,0
DA:25,0
DA:26,0
DA:32,0
DA:36,1
LF:12
LH:2
BRDA:16,0,0,0
BRDA:16,0,1,0
BRDA:25,1,0,0
BRDA:25,1,1,0
BRF:4
BRH:0
end_of_record
TN:
SF:src/middlewares/validator.handler.js
FN:3,validatorHandler
FN:4,(anonymous_1)
FNF:2
FNH:1
FNDA:23,validatorHandler
FNDA:0,(anonymous_1)
DA:1,1
DA:4,23
DA:5,0
DA:6,0
DA:7,0
DA:8,0
DA:10,0
DA:14,1
LF:8
LH:3
BRDA:7,0,0,0
BRDA:7,0,1,0
BRF:2
BRH:0
end_of_record
TN:
SF:src/routes/auth.router.js
FN:11,(anonymous_0)
FN:22,(anonymous_1)
FN:34,(anonymous_2)
FNF:3
FNH:0
FNDA:0,(anonymous_0)
FNDA:0,(anonymous_1)
FNDA:0,(anonymous_2)
DA:1,1
DA:2,1
DA:4,1
DA:6,1
DA:7,1
DA:9,1
DA:12,0
DA:13,0
DA:14,0
DA:16,0
DA:21,1
DA:23,0
DA:24,0
DA:25,0
DA:26,0
DA:28,0
DA:33,1
DA:35,0
DA:36,0
DA:37,0
DA:38,0
DA:40,0
DA:45,1
LF:23
LH:9
BRF:0
BRH:0
end_of_record
TN:
SF:src/routes/categories.router.js
FN:15,(anonymous_0)
FN:28,(anonymous_1)
FN:43,(anonymous_2)
FN:59,(anonymous_3)
FN:75,(anonymous_4)
FNF:5
FNH:0
FNDA:0,(anonymous_0)
FNDA:0,(anonymous_1)
FNDA:0,(anonymous_2)
FNDA:0,(anonymous_3)
FNDA:0,(anonymous_4)
DA:1,1
DA:2,1
DA:4,1
DA:5,1
DA:6,1
DA:7,1
DA:9,1
DA:10,1
DA:12,1
DA:16,0
DA:17,0
DA:18,0
DA:20,0
DA:24,1
DA:29,0
DA:30,0
DA:31,0
DA:32,0
DA:34,0
DA:39,1
DA:44,0
DA:45,0
DA:46,0
DA:47,0
DA:49,0
DA:54,1
DA:60,0
DA:61,0
DA:62,0
DA:63,0
DA:64,0
DA:66,0
DA:71,1
DA:76,0
DA:77,0
DA:78,0
DA:79,0
DA:81,0
DA:86,1
LF:39
LH:14
BRF:0
BRH:0
end_of_record
TN:
SF:src/routes/customers.router.js
FN:14,(anonymous_0)
FN:24,(anonymous_1)
FN:37,(anonymous_2)
FN:50,(anonymous_3)
FNF:4
FNH:0
FNDA:0,(anonymous_0)
FNDA:0,(anonymous_1)
FNDA:0,(anonymous_2)
FNDA:0,(anonymous_3)
DA:1,1
DA:3,1
DA:4,1
DA:9,1
DA:11,1
DA:12,1
DA:14,1
DA:15,0
DA:16,0
DA:18,0
DA:22,1
DA:25,0
DA:26,0
DA:27,0
DA:29,0
DA:34,1
DA:38,0
DA:39,0
DA:40,0
DA:41,0
DA:43,0
DA:48,1
DA:51,0
DA:52,0
DA:53,0
DA:55,0
DA:60,1
LF:27
LH:11
BRF:0
BRH:0
end_of_record
TN:
SF:src/routes/index.js
FN:11,routerApi
FNF:1
FNH:1
FNDA:1,routerApi
DA:1,1
DA:3,1
DA:4,1
DA:5,1
DA:6,1
DA:7,1
DA:8,1
DA:9,1
DA:12,1
DA:13,1
DA:14,1
DA:15,1
DA:16,1
DA:17,1
DA:18,1
DA:19,1
DA:20,1
DA:23,1
LF:18
LH:18
BRF:0
BRH:0
end_of_record
TN:
SF:src/routes/orders.router.js
FN:17,(anonymous_0)
FN:31,(anonymous_1)
FN:45,(anonymous_2)
FNF:3
FNH:0
FNDA:0,(anonymous_0)
FNDA:0,(anonymous_1)
FNDA:0,(anonymous_2)
DA:1,1
DA:3,1
DA:4,1
DA:9,1
DA:11,1
DA:12,1
DA:14,1
DA:18,0
DA:19,0
DA:20,0
DA:21,0
DA:23,0
DA:28,1
DA:32,0
DA:33,0
DA:34,0
DA:35,0
DA:37,0
DA:42,1
DA:46,0
DA:47,0
DA:48,0
DA:49,0
DA:51,0
DA:56,1
LF:25
LH:10
BRF:0
BRH:0
end_of_record
TN:
SF:src/routes/products.router.js
FN:12,(anonymous_0)
FN:24,(anonymous_1)
FN:37,(anonymous_2)
FN:51,(anonymous_3)
FN:65,(anonymous_4)
FNF:5
FNH:0
FNDA:0,(anonymous_0)
FNDA:0,(anonymous_1)
FNDA:0,(anonymous_2)
FNDA:0,(anonymous_3)
FNDA:0,(anonymous_4)
DA:1,1
DA:3,1
DA:4,1
DA:5,1
DA:7,1
DA:8,1
DA:10,1
DA:13,0
DA:14,0
DA:15,0
DA:17,0
DA:22,1
DA:25,0
DA:26,0
DA:27,0
DA:28,0
DA:30,0
DA:35,1
DA:38,0
DA:39,0
DA:40,0
DA:41,0
DA:43,0
DA:48,1
DA:52,0
DA:53,0
DA:54,0
DA:55,0
DA:56,0
DA:58,0
DA:63,1
DA:66,0
DA:67,0
DA:68,0
DA:69,0
DA:71,0
DA:76,1
LF:37
LH:12
BRF:0
BRH:0
end_of_record
TN:
SF:src/routes/profile.router.js
FN:13,(anonymous_0)
FN:26,(anonymous_1)
FNF:2
FNH:0
FNDA:0,(anonymous_0)
FNDA:0,(anonymous_1)
DA:1,1
DA:2,1
DA:4,1
DA:5,1
DA:7,1
DA:8,1
DA:9,1
DA:11,1
DA:14,0
DA:15,0
DA:16,0
DA:17,0
DA:19,0
DA:24,1
DA:27,0
DA:28,0
DA:29,0
DA:30,0
DA:32,0
DA:37,1
LF:20
LH:10
BRF:0
BRH:0
end_of_record
TN:
SF:src/routes/users.router.js
FN:10,(anonymous_0)
FN:21,(anonymous_1)
FN:34,(anonymous_2)
FN:48,(anonymous_3)
FN:62,(anonymous_4)
FNF:5
FNH:0
FNDA:0,(anonymous_0)
FNDA:0,(anonymous_1)
FNDA:0,(anonymous_2)
FNDA:0,(anonymous_3)
FNDA:0,(anonymous_4)
DA:1,1
DA:3,1
DA:4,1
DA:5,1
DA:7,1
DA:8,1
DA:10,1
DA:11,0
DA:12,0
DA:13,0
DA:15,0
DA:19,1
DA:22,0
DA:23,0
DA:24,0
DA:25,0
DA:27,0
DA:32,1
DA:35,0
DA:36,0
DA:37,0
DA:38,0
DA:40,0
DA:45,1
DA:49,0
DA:50,0
DA:51,0
DA:52,0
DA:53,0
DA:55,0
DA:60,1
DA:63,0
DA:64,0
DA:65,0
DA:66,0
DA:68,0
DA:73,1
LF:37
LH:12
BRF:0
BRH:0
end_of_record
TN:
SF:src/services/auth.service.js
FN:12,(anonymous_0)
FN:25,(anonymous_1)
FN:37,(anonymous_2)
FN:56,(anonymous_3)
FN:71,(anonymous_4)
FNF:5
FNH:0
FNDA:0,(anonymous_0)
FNDA:0,(anonymous_1)
FNDA:0,(anonymous_2)
FNDA:0,(anonymous_3)
FNDA:0,(anonymous_4)
DA:1,1
DA:2,1
DA:3,1
DA:4,1
DA:6,1
DA:7,1
DA:8,1
DA:13,0
DA:14,0
DA:15,0
DA:17,0
DA:18,0
DA:19,0
DA:21,0
DA:22,0
DA:26,0
DA:30,0
DA:31,0
DA:38,0
DA:39,0
DA:40,0
DA:42,0
DA:43,0
DA:44,0
DA:45,0
DA:46,0
DA:52,0
DA:53,0
DA:57,0
DA:58,0
DA:59,0
DA:60,0
DA:61,0
DA:63,0
DA:64,0
DA:65,0
DA:67,0
DA:72,0
DA:81,0
DA:82,0
DA:86,1
LF:41
LH:8
BRDA:14,0,0,0
BRDA:14,0,1,0
BRDA:18,1,0,0
BRDA:18,1,1,0
BRDA:39,2,0,0
BRDA:39,2,1,0
BRDA:60,3,0,0
BRDA:60,3,1,0
BRF:8
BRH:0
end_of_record
TN:
SF:src/services/category.service.js
FN:6,(anonymous_0)
FN:8,(anonymous_1)
FN:13,(anonymous_2)
FN:18,(anonymous_3)
FN:28,(anonymous_4)
FN:34,(anonymous_5)
FNF:6
FNH:1
FNDA:1,(anonymous_0)
FNDA:0,(anonymous_1)
FNDA:0,(anonymous_2)
FNDA:0,(anonymous_3)
FNDA:0,(anonymous_4)
FNDA:0,(anonymous_5)
DA:1,1
DA:2,1
DA:9,0
DA:10,0
DA:14,0
DA:15,0
DA:19,0
DA:22,0
DA:23,0
DA:25,0
DA:29,0
DA:30,0
DA:31,0
DA:35,0
DA:36,0
DA:37,0
DA:42,1
LF:17
LH:3
BRDA:22,0,0,0
BRDA:22,0,1,0
BRF:2
BRH:0
end_of_record
TN:
SF:src/services/customers.service.js
FN:7,(anonymous_0)
FN:9,(anonymous_1)
FN:16,(anonymous_2)
FN:24,(anonymous_3)
FN:40,(anonymous_4)
FN:46,(anonymous_5)
FNF:6
FNH:1
FNDA:1,(anonymous_0)
FNDA:0,(anonymous_1)
FNDA:0,(anonymous_2)
FNDA:0,(anonymous_3)
FNDA:0,(anonymous_4)
FNDA:0,(anonymous_5)
DA:1,1
DA:2,1
DA:3,1
DA:10,0
DA:13,0
DA:17,0
DA:18,0
DA:19,0
DA:21,0
DA:25,0
DA:26,0
DA:33,0
DA:36,0
DA:37,0
DA:41,0
DA:42,0
DA:43,0
DA:47,0
DA:48,0
DA:49,0
DA:54,1
LF:21
LH:4
BRDA:18,0,0,0
BRDA:18,0,1,0
BRF:2
BRH:0
end_of_record
TN:
SF:src/services/order.service.js
FN:6,(anonymous_0)
FN:9,(anonymous_1)
FN:18,(anonymous_2)
FN:31,(anonymous_3)
FN:46,(anonymous_4)
FN:62,(anonymous_5)
FN:68,(anonymous_6)
FNF:7
FNH:1
FNDA:2,(anonymous_0)
FNDA:0,(anonymous_1)
FNDA:0,(anonymous_2)
FNDA:0,(anonymous_3)
FNDA:0,(anonymous_4)
FNDA:0,(anonymous_5)
FNDA:0,(anonymous_6)
DA:1,1
DA:2,1
DA:10,0
DA:11,0
DA:12,0
DA:14,0
DA:15,0
DA:19,0
DA:20,0
DA:21,0
DA:23,0
DA:24,0
DA:25,0
DA:27,0
DA:28,0
DA:32,0
DA:43,0
DA:47,0
DA:56,0
DA:57,0
DA:59,0
DA:63,0
DA:64,0
DA:65,0
DA:69,0
DA:70,0
DA:71,0
DA:76,1
LF:28
LH:3
BRDA:11,0,0,0
BRDA:11,0,1,0
BRDA:20,1,0,0
BRDA:20,1,1,0
BRDA:24,2,0,0
BRDA:24,2,1,0
BRDA:56,3,0,0
BRDA:56,3,1,0
BRF:8
BRH:0
end_of_record
TN:
SF:src/services/product.service.js
FN:8,(anonymous_0)
FN:17,(anonymous_1)
FN:44,(anonymous_2)
FN:54,(anonymous_3)
FN:60,(anonymous_4)
FNF:5
FNH:0
FNDA:0,(anonymous_0)
FNDA:0,(anonymous_1)
FNDA:0,(anonymous_2)
FNDA:0,(anonymous_3)
FNDA:0,(anonymous_4)
DA:1,1
DA:2,1
DA:4,1
DA:9,0
DA:10,0
DA:11,0
DA:13,0
DA:14,0
DA:18,0
DA:22,0
DA:23,0
DA:24,0
DA:25,0
DA:28,0
DA:29,0
DA:30,0
DA:33,0
DA:34,0
DA:35,0
DA:40,0
DA:41,0
DA:45,0
DA:48,0
DA:49,0
DA:51,0
DA:55,0
DA:56,0
DA:57,0
DA:61,0
DA:62,0
DA:63,0
DA:68,1
LF:32
LH:4
BRDA:10,0,0,0
BRDA:10,0,1,0
BRDA:23,1,0,0
BRDA:23,1,1,0
BRDA:23,2,0,0
BRDA:23,2,1,0
BRDA:29,3,0,0
BRDA:29,3,1,0
BRDA:34,4,0,0
BRDA:34,4,1,0
BRDA:34,5,0,0
BRDA:34,5,1,0
BRDA:48,6,0,0
BRDA:48,6,1,0
BRF:14
BRH:0
end_of_record
TN:
SF:src/services/user.service.js
FN:7,(anonymous_0)
FN:9,(anonymous_1)
FN:20,(anonymous_2)
FN:27,(anonymous_3)
FN:34,(anonymous_4)
FN:42,(anonymous_5)
FN:48,(anonymous_6)
FNF:7
FNH:1
FNDA:3,(anonymous_0)
FNDA:0,(anonymous_1)
FNDA:0,(anonymous_2)
FNDA:0,(anonymous_3)
FNDA:0,(anonymous_4)
FNDA:0,(anonymous_5)
FNDA:0,(anonymous_6)
DA:1,1
DA:2,1
DA:4,1
DA:10,0
DA:11,0
DA:16,0
DA:17,0
DA:21,0
DA:24,0
DA:28,0
DA:31,0
DA:35,0
DA:36,0
DA:37,0
DA:39,0
DA:43,0
DA:44,0
DA:45,0
DA:49,0
DA:50,0
DA:51,0
DA:55,1
LF:22
LH:4
BRDA:36,0,0,0
BRDA:36,0,1,0
BRF:2
BRH:0
end_of_record
TN:
SF:src/utils/auth/index.js
FNF:0
FNH:0
DA:1,1
DA:3,1
DA:4,1
DA:6,1
DA:7,1
LF:5
LH:5
BRF:0
BRH:0
end_of_record
TN:
SF:src/utils/auth/strategies/jwt.strategy.js
FN:10,(anonymous_0)
FNF:1
FNH:0
FNDA:0,(anonymous_0)
DA:1,1
DA:3,1
DA:5,1
DA:10,1
DA:11,0
DA:14,1
LF:6
LH:5
BRF:0
BRH:0
end_of_record
TN:
SF:src/utils/auth/strategies/local.strategy.js
FN:10,(anonymous_0)
FNF:1
FNH:0
FNDA:0,(anonymous_0)
DA:1,1
DA:3,1
DA:4,1
DA:6,1
DA:11,0
DA:12,0
DA:13,0
DA:15,0
DA:20,1
LF:9
LH:5
BRF:0
BRH:0
end_of_record
